INFO restartedMain org.springframework.boot.actuate.endpoint.jmx.EndpointMBeanExporter - Located managed bean 'beansEndpoint': registering with JMX server as MBean [org.springframework.boot:type=Endpoint,name=beansEndpoint]
INFO restartedMain org.springframework.boot.actuate.endpoint.jmx.EndpointMBeanExporter - Located managed bean 'infoEndpoint': registering with JMX server as MBean [org.springframework.boot:type=Endpoint,name=infoEndpoint]
INFO restartedMain org.springframework.boot.actuate.endpoint.jmx.EndpointMBeanExporter - Located managed bean 'loggersEndpoint': registering with JMX server as MBean [org.springframework.boot:type=Endpoint,name=loggersEndpoint]
INFO restartedMain org.springframework.boot.actuate.endpoint.jmx.EndpointMBeanExporter - Located managed bean 'metricsEndpoint': registering with JMX server as MBean [org.springframework.boot:type=Endpoint,name=metricsEndpoint]
INFO restartedMain org.springframework.boot.actuate.endpoint.jmx.EndpointMBeanExporter - Located managed bean 'traceEndpoint': registering with JMX server as MBean [org.springframework.boot:type=Endpoint,name=traceEndpoint]
INFO restartedMain org.springframework.boot.actuate.endpoint.jmx.EndpointMBeanExporter - Located managed bean 'dumpEndpoint': registering with JMX server as MBean [org.springframework.boot:type=Endpoint,name=dumpEndpoint]
INFO restartedMain org.springframework.boot.actuate.endpoint.jmx.EndpointMBeanExporter - Located managed bean 'autoConfigurationReportEndpoint': registering with JMX server as MBean [org.springframework.boot:type=Endpoint,name=autoConfigurationReportEndpoint]
INFO restartedMain org.springframework.boot.actuate.endpoint.jmx.EndpointMBeanExporter - Located managed bean 'configurationPropertiesReportEndpoint': registering with JMX server as MBean [org.springframework.boot:type=Endpoint,name=configurationPropertiesReportEndpoint]
INFO restartedMain org.springframework.boot.context.embedded.tomcat.TomcatEmbeddedServletContainer - Tomcat started on port(s): 9000 (http)
INFO restartedMain br.com.casadocodigo.loja.CasadocodigoSpringbootApplication - Started CasadocodigoSpringbootApplication in 30.533 seconds (JVM running for 31.633)
INFO http-nio-9000-exec-1 org.springframework.web.servlet.DispatcherServlet - FrameworkServlet 'dispatcherServlet': initialization started
INFO http-nio-9000-exec-1 org.springframework.web.servlet.DispatcherServlet - FrameworkServlet 'dispatcherServlet': initialization completed in 35 ms
INFO http-nio-9000-exec-1 org.thymeleaf.TemplateEngine - [THYMELEAF] INITIALIZING TEMPLATE ENGINE
INFO http-nio-9000-exec-1 org.thymeleaf.templateresolver.AbstractTemplateResolver - [THYMELEAF] INITIALIZING TEMPLATE RESOLVER: org.thymeleaf.spring4.templateresolver.SpringResourceTemplateResolver
INFO http-nio-9000-exec-1 org.thymeleaf.templateresolver.AbstractTemplateResolver - [THYMELEAF] TEMPLATE RESOLVER INITIALIZED OK
INFO http-nio-9000-exec-1 org.thymeleaf.messageresolver.AbstractMessageResolver - [THYMELEAF] INITIALIZING MESSAGE RESOLVER: org.thymeleaf.spring4.messageresolver.SpringMessageResolver
INFO http-nio-9000-exec-1 org.thymeleaf.messageresolver.AbstractMessageResolver - [THYMELEAF] MESSAGE RESOLVER INITIALIZED OK
INFO http-nio-9000-exec-1 org.thymeleaf.TemplateEngine.CONFIG - [THYMELEAF] TEMPLATE ENGINE CONFIGURATION:
[THYMELEAF] * Cache Factory implementation: org.thymeleaf.cache.StandardCacheManager
[THYMELEAF] * Template modes:
[THYMELEAF]     * VALIDXML
[THYMELEAF]     * VALIDXHTML
[THYMELEAF]     * HTML5
[THYMELEAF]     * XML
[THYMELEAF]     * XHTML
[THYMELEAF]     * LEGACYHTML5
[THYMELEAF] * Template resolvers (in order):
[THYMELEAF]     * org.thymeleaf.spring4.templateresolver.SpringResourceTemplateResolver
[THYMELEAF] * Message resolvers (in order):
[THYMELEAF]     * org.thymeleaf.spring4.messageresolver.SpringMessageResolver
[THYMELEAF] * Dialect [1 of 3]: org.thymeleaf.spring4.dialect.SpringStandardDialect
[THYMELEAF]     * Prefix: "th"
[THYMELEAF] * Dialect [2 of 3]: org.thymeleaf.extras.springsecurity4.dialect.SpringSecurityDialect
[THYMELEAF]     * Prefix: "sec"
[THYMELEAF] * Dialect [3 of 3]: nz.net.ultraq.thymeleaf.LayoutDialect
[THYMELEAF]     * Prefix: "layout"
[THYMELEAF] TEMPLATE ENGINE CONFIGURED OK
INFO http-nio-9000-exec-1 org.thymeleaf.TemplateEngine - [THYMELEAF] TEMPLATE ENGINE INITIALIZED
INFO restartedMain br.com.casadocodigo.loja.CasadocodigoSpringbootApplication - Starting CasadocodigoSpringbootApplication on gabi-Aspire-V5-471 with PID 3621 (/home/vinicius/git/migration-projects/casadocodigo-springboot/target/classes started by vinicius in /home/vinicius/git/migration-projects/casadocodigo-springboot)
INFO restartedMain br.com.casadocodigo.loja.CasadocodigoSpringbootApplication - No active profile set, falling back to default profiles: default
INFO restartedMain org.springframework.boot.context.embedded.AnnotationConfigEmbeddedWebApplicationContext - Refreshing org.springframework.boot.context.embedded.AnnotationConfigEmbeddedWebApplicationContext@43f4614: startup date [Sat Apr 08 23:46:07 BRT 2017]; root of context hierarchy
INFO background-preinit org.hibernate.validator.internal.util.Version - HV000001: Hibernate Validator 5.3.4.Final
INFO restartedMain br.com.casadocodigo.loja.CasadocodigoSpringbootApplication - Starting CasadocodigoSpringbootApplication on gabi-Aspire-V5-471 with PID 3647 (/home/vinicius/git/migration-projects/casadocodigo-springboot/target/classes started by vinicius in /home/vinicius/git/migration-projects/casadocodigo-springboot)
INFO restartedMain br.com.casadocodigo.loja.CasadocodigoSpringbootApplication - No active profile set, falling back to default profiles: default
INFO restartedMain org.springframework.boot.context.embedded.AnnotationConfigEmbeddedWebApplicationContext - Refreshing org.springframework.boot.context.embedded.AnnotationConfigEmbeddedWebApplicationContext@24f54891: startup date [Sat Apr 08 23:46:13 BRT 2017]; root of context hierarchy
INFO background-preinit org.hibernate.validator.internal.util.Version - HV000001: Hibernate Validator 5.3.4.Final
INFO restartedMain org.springframework.context.annotation.ConfigurationClassBeanDefinitionReader - Skipping bean definition for [BeanMethod:name=carrinhoCompras,declaringClass=br.com.casadocodigo.loja.WebMvcConfig]: a definition for bean 'carrinhoCompras' already exists. This top-level bean definition is considered as an override.
INFO restartedMain org.springframework.context.support.PostProcessorRegistrationDelegate$BeanPostProcessorChecker - Bean 'org.springframework.transaction.annotation.ProxyTransactionManagementConfiguration' of type [org.springframework.transaction.annotation.ProxyTransactionManagementConfiguration$$EnhancerBySpringCGLIB$$cb9e26d7] is not eligible for getting processed by all BeanPostProcessors (for example: not eligible for auto-proxying)
INFO restartedMain org.springframework.context.support.PostProcessorRegistrationDelegate$BeanPostProcessorChecker - Bean 'org.springframework.cache.annotation.ProxyCachingConfiguration' of type [org.springframework.cache.annotation.ProxyCachingConfiguration$$EnhancerBySpringCGLIB$$14b05cf5] is not eligible for getting processed by all BeanPostProcessors (for example: not eligible for auto-proxying)
INFO restartedMain org.springframework.boot.context.embedded.tomcat.TomcatEmbeddedServletContainer - Tomcat initialized with port(s): 9000 (http)
INFO localhost-startStop-1 org.springframework.web.context.ContextLoader - Root WebApplicationContext: initialization completed in 8334 ms
INFO localhost-startStop-1 org.springframework.boot.web.servlet.FilterRegistrationBean - Mapping filter: 'metricsFilter' to: [/*]
INFO localhost-startStop-1 org.springframework.boot.web.servlet.FilterRegistrationBean - Mapping filter: 'characterEncodingFilter' to: [/*]
INFO localhost-startStop-1 org.springframework.boot.web.servlet.FilterRegistrationBean - Mapping filter: 'hiddenHttpMethodFilter' to: [/*]
INFO localhost-startStop-1 org.springframework.boot.web.servlet.FilterRegistrationBean - Mapping filter: 'httpPutFormContentFilter' to: [/*]
INFO localhost-startStop-1 org.springframework.boot.web.servlet.DelegatingFilterProxyRegistrationBean - Mapping filter: 'springSecurityFilterChain' to: [/*]
INFO localhost-startStop-1 org.springframework.boot.web.servlet.FilterRegistrationBean - Mapping filter: 'webRequestLoggingFilter' to: [/*]
INFO localhost-startStop-1 org.springframework.boot.web.servlet.FilterRegistrationBean - Mapping filter: 'applicationContextIdFilter' to: [/*]
INFO localhost-startStop-1 org.springframework.boot.web.servlet.ServletRegistrationBean - Mapping servlet: 'dispatcherServlet' to [/]
INFO restartedMain org.springframework.orm.jpa.LocalContainerEntityManagerFactoryBean - Building JPA container EntityManagerFactory for persistence unit 'default'
INFO restartedMain org.hibernate.jpa.internal.util.LogHelper - HHH000204: Processing PersistenceUnitInfo [
	name: default
	...]
INFO restartedMain org.hibernate.Version - HHH000412: Hibernate Core {5.0.12.Final}
INFO restartedMain org.hibernate.cfg.Environment - HHH000206: hibernate.properties not found
INFO restartedMain org.hibernate.cfg.Environment - HHH000021: Bytecode provider name : javassist
INFO restartedMain org.hibernate.annotations.common.Version - HCANN000001: Hibernate Commons Annotations {5.0.1.Final}
INFO restartedMain org.hibernate.dialect.Dialect - HHH000400: Using dialect: org.hibernate.dialect.MySQL5Dialect
INFO restartedMain org.hibernate.tool.hbm2ddl.SchemaUpdate - HHH000228: Running hbm2ddl schema update
INFO restartedMain org.hibernate.tool.schema.extract.internal.InformationExtractorJdbcDatabaseMetaDataImpl - HHH000262: Table not found: produto
INFO restartedMain org.hibernate.tool.schema.extract.internal.InformationExtractorJdbcDatabaseMetaDataImpl - HHH000262: Table not found: produto
INFO restartedMain org.hibernate.tool.schema.extract.internal.InformationExtractorJdbcDatabaseMetaDataImpl - HHH000262: Table not found: produto_categoria
INFO restartedMain org.hibernate.tool.schema.extract.internal.InformationExtractorJdbcDatabaseMetaDataImpl - HHH000262: Table not found: produto_categoria
INFO restartedMain org.hibernate.tool.schema.extract.internal.InformationExtractorJdbcDatabaseMetaDataImpl - HHH000262: Table not found: produto_precos
INFO restartedMain org.hibernate.tool.schema.extract.internal.InformationExtractorJdbcDatabaseMetaDataImpl - HHH000262: Table not found: produto_precos
INFO restartedMain org.hibernate.tool.schema.extract.internal.InformationExtractorJdbcDatabaseMetaDataImpl - HHH000262: Table not found: role
INFO restartedMain org.hibernate.tool.schema.extract.internal.InformationExtractorJdbcDatabaseMetaDataImpl - HHH000262: Table not found: role
INFO restartedMain org.hibernate.tool.schema.extract.internal.InformationExtractorJdbcDatabaseMetaDataImpl - HHH000262: Table not found: user
INFO restartedMain org.hibernate.tool.schema.extract.internal.InformationExtractorJdbcDatabaseMetaDataImpl - HHH000262: Table not found: user
INFO restartedMain org.hibernate.tool.schema.extract.internal.InformationExtractorJdbcDatabaseMetaDataImpl - HHH000262: Table not found: user_role
INFO restartedMain org.hibernate.tool.schema.extract.internal.InformationExtractorJdbcDatabaseMetaDataImpl - HHH000262: Table not found: user_role
INFO restartedMain org.springframework.orm.jpa.LocalContainerEntityManagerFactoryBean - Initialized JPA EntityManagerFactory for persistence unit 'default'
INFO restartedMain org.hibernate.hql.internal.QueryTranslatorFactoryInitiator - HHH000397: Using ASTQueryTranslatorFactory
INFO restartedMain org.springframework.security.web.DefaultSecurityFilterChain - Creating filter chain: Ant [pattern='/resources/**'], []
INFO restartedMain org.springframework.security.web.DefaultSecurityFilterChain - Creating filter chain: Ant [pattern='/static/**'], []
INFO restartedMain org.springframework.security.web.DefaultSecurityFilterChain - Creating filter chain: Ant [pattern='/css/**'], []
INFO restartedMain org.springframework.security.web.DefaultSecurityFilterChain - Creating filter chain: Ant [pattern='/js/**'], []
INFO restartedMain org.springframework.security.web.DefaultSecurityFilterChain - Creating filter chain: Ant [pattern='/images/**'], []
INFO restartedMain org.springframework.security.web.DefaultSecurityFilterChain - Creating filter chain: org.springframework.security.web.util.matcher.AnyRequestMatcher@1, [org.springframework.security.web.context.request.async.WebAsyncManagerIntegrationFilter@13f71156, org.springframework.security.web.context.SecurityContextPersistenceFilter@6f56ba4e, org.springframework.security.web.header.HeaderWriterFilter@7979cfd8, org.springframework.security.web.csrf.CsrfFilter@1fefb40b, org.springframework.security.web.authentication.logout.LogoutFilter@671dcd21, org.springframework.security.web.authentication.UsernamePasswordAuthenticationFilter@dc33ee5, org.springframework.security.web.savedrequest.RequestCacheAwareFilter@6d9998cf, org.springframework.security.web.servletapi.SecurityContextHolderAwareRequestFilter@44cbd7c8, org.springframework.security.web.authentication.AnonymousAuthenticationFilter@5a1f642b, org.springframework.security.web.session.SessionManagementFilter@728e02b9, org.springframework.security.web.access.ExceptionTranslationFilter@768c4546, org.springframework.security.web.access.intercept.FilterSecurityInterceptor@754d597a]
INFO restartedMain org.springframework.security.web.DefaultSecurityFilterChain - Creating filter chain: org.springframework.boot.actuate.autoconfigure.ManagementWebSecurityAutoConfiguration$LazyEndpointPathRequestMatcher@40bd59fa, [org.springframework.security.web.context.request.async.WebAsyncManagerIntegrationFilter@725c8716, org.springframework.security.web.context.SecurityContextPersistenceFilter@4d5fabc2, org.springframework.security.web.header.HeaderWriterFilter@4b5fc670, org.springframework.security.web.authentication.logout.LogoutFilter@4ccdf814, org.springframework.security.web.authentication.www.BasicAuthenticationFilter@2e66c04c, org.springframework.security.web.savedrequest.RequestCacheAwareFilter@1dc55504, org.springframework.security.web.servletapi.SecurityContextHolderAwareRequestFilter@281c6c8a, org.springframework.security.web.authentication.AnonymousAuthenticationFilter@7b038067, org.springframework.security.web.session.SessionManagementFilter@24a1800a, org.springframework.security.web.access.ExceptionTranslationFilter@71a43dd0, org.springframework.security.web.access.intercept.FilterSecurityInterceptor@557cf5fe]
INFO restartedMain org.springframework.web.servlet.mvc.method.annotation.RequestMappingHandlerAdapter - Looking for @ControllerAdvice: org.springframework.boot.context.embedded.AnnotationConfigEmbeddedWebApplicationContext@24f54891: startup date [Sat Apr 08 23:46:13 BRT 2017]; root of context hierarchy
INFO restartedMain org.springframework.web.servlet.mvc.method.annotation.RequestMappingHandlerMapping - Mapped "{[/error],produces=[text/html]}" onto public org.springframework.web.servlet.ModelAndView br.com.casadocodigo.loja.controllers.AppErrorController.errorHtml(javax.servlet.http.HttpServletRequest)
INFO restartedMain org.springframework.web.servlet.mvc.method.annotation.RequestMappingHandlerMapping - Mapped "{[/error]}" onto public org.springframework.http.ResponseEntity<java.util.Map<java.lang.String, java.lang.Object>> br.com.casadocodigo.loja.controllers.AppErrorController.error(javax.servlet.http.HttpServletRequest)
INFO restartedMain org.springframework.web.servlet.mvc.method.annotation.RequestMappingHandlerMapping - Mapped "{[/carrinho/remover]}" onto public org.springframework.web.servlet.ModelAndView br.com.casadocodigo.loja.controllers.CarrinhoComprasController.remover(java.lang.Integer,br.com.casadocodigo.loja.models.TipoPreco)
INFO restartedMain org.springframework.web.servlet.mvc.method.annotation.RequestMappingHandlerMapping - Mapped "{[/carrinho/itens],methods=[GET]}" onto public org.springframework.web.servlet.ModelAndView br.com.casadocodigo.loja.controllers.CarrinhoComprasController.itens()
INFO restartedMain org.springframework.web.servlet.mvc.method.annotation.RequestMappingHandlerMapping - Mapped "{[/carrinho/add]}" onto public org.springframework.web.servlet.ModelAndView br.com.casadocodigo.loja.controllers.CarrinhoComprasController.add(java.lang.Integer,br.com.casadocodigo.loja.models.TipoPreco)
INFO restartedMain org.springframework.web.servlet.mvc.method.annotation.RequestMappingHandlerMapping - Mapped "{[/collection/{categoria}],methods=[GET]}" onto public org.springframework.web.servlet.ModelAndView br.com.casadocodigo.loja.controllers.HomeController.collection(java.lang.String)
INFO restartedMain org.springframework.web.servlet.mvc.method.annotation.RequestMappingHandlerMapping - Mapped "{[/]}" onto public org.springframework.web.servlet.ModelAndView br.com.casadocodigo.loja.controllers.HomeController.index()
INFO restartedMain org.springframework.web.servlet.mvc.method.annotation.RequestMappingHandlerMapping - Mapped "{[/logout],methods=[GET]}" onto public org.springframework.web.servlet.ModelAndView br.com.casadocodigo.loja.controllers.LoginController.logout()
INFO restartedMain org.springframework.web.servlet.mvc.method.annotation.RequestMappingHandlerMapping - Mapped "{[/login],methods=[GET]}" onto public java.lang.String br.com.casadocodigo.loja.controllers.LoginController.login()
INFO restartedMain org.springframework.web.servlet.mvc.method.annotation.RequestMappingHandlerMapping - Mapped "{[/login/criar],methods=[GET]}" onto public java.lang.String br.com.casadocodigo.loja.controllers.LoginController.criar(br.com.casadocodigo.loja.models.User)
INFO restartedMain org.springframework.web.servlet.mvc.method.annotation.RequestMappingHandlerMapping - Mapped "{[/login/gravar],methods=[POST]}" onto public java.lang.String br.com.casadocodigo.loja.controllers.LoginController.gravar(br.com.casadocodigo.loja.models.User,org.springframework.web.servlet.mvc.support.RedirectAttributes)
INFO restartedMain org.springframework.web.servlet.mvc.method.annotation.RequestMappingHandlerMapping - Mapped "{[/pagamento/finalizar],methods=[POST]}" onto public java.util.concurrent.Callable<org.springframework.web.servlet.ModelAndView> br.com.casadocodigo.loja.controllers.PagamentoController.finalizar(br.com.casadocodigo.loja.models.User,org.springframework.web.servlet.mvc.support.RedirectAttributes)
INFO restartedMain org.springframework.web.servlet.mvc.method.annotation.RequestMappingHandlerMapping - Mapped "{[/produtos/listar],methods=[GET]}" onto public org.springframework.web.servlet.ModelAndView br.com.casadocodigo.loja.controllers.ProdutosController.listar() throws java.io.UnsupportedEncodingException
INFO restartedMain org.springframework.web.servlet.mvc.method.annotation.RequestMappingHandlerMapping - Mapped "{[/produtos/detalhe/{id}]}" onto public org.springframework.web.servlet.ModelAndView br.com.casadocodigo.loja.controllers.ProdutosController.detalhe(java.lang.Integer)
INFO restartedMain org.springframework.web.servlet.mvc.method.annotation.RequestMappingHandlerMapping - Mapped "{[/produtos/remover],methods=[POST]}" onto public org.springframework.web.servlet.ModelAndView br.com.casadocodigo.loja.controllers.ProdutosController.remover(java.lang.Integer,org.springframework.web.servlet.mvc.support.RedirectAttributes)
INFO restartedMain org.springframework.web.servlet.mvc.method.annotation.RequestMappingHandlerMapping - Mapped "{[/produtos/editar],methods=[POST]}" onto public org.springframework.web.servlet.ModelAndView br.com.casadocodigo.loja.controllers.ProdutosController.editar(java.lang.Integer)
INFO restartedMain org.springframework.web.servlet.mvc.method.annotation.RequestMappingHandlerMapping - Mapped "{[/produtos],methods=[POST]}" onto public org.springframework.web.servlet.ModelAndView br.com.casadocodigo.loja.controllers.ProdutosController.gravar(org.springframework.web.multipart.MultipartFile,br.com.casadocodigo.loja.models.Produto,org.springframework.validation.BindingResult,org.springframework.web.servlet.mvc.support.RedirectAttributes)
INFO restartedMain org.springframework.web.servlet.mvc.method.annotation.RequestMappingHandlerMapping - Mapped "{[/produtos/form]}" onto public org.springframework.web.servlet.ModelAndView br.com.casadocodigo.loja.controllers.ProdutosController.form(br.com.casadocodigo.loja.models.Produto)
INFO restartedMain org.springframework.web.servlet.handler.SimpleUrlHandlerMapping - Mapped URL path [/webjars/**] onto handler of type [class org.springframework.web.servlet.resource.ResourceHttpRequestHandler]
INFO restartedMain org.springframework.web.servlet.handler.SimpleUrlHandlerMapping - Mapped URL path [/**] onto handler of type [class org.springframework.web.servlet.resource.ResourceHttpRequestHandler]
INFO restartedMain org.springframework.web.servlet.handler.SimpleUrlHandlerMapping - Mapped URL path [/**/favicon.ico] onto handler of type [class org.springframework.web.servlet.resource.ResourceHttpRequestHandler]
INFO restartedMain org.springframework.boot.actuate.endpoint.mvc.EndpointHandlerMapping - Mapped "{[/metrics/{name:.*}],methods=[GET],produces=[application/vnd.spring-boot.actuator.v1+json || application/json]}" onto public java.lang.Object org.springframework.boot.actuate.endpoint.mvc.MetricsMvcEndpoint.value(java.lang.String)
INFO restartedMain org.springframework.boot.actuate.endpoint.mvc.EndpointHandlerMapping - Mapped "{[/metrics || /metrics.json],methods=[GET],produces=[application/vnd.spring-boot.actuator.v1+json || application/json]}" onto public java.lang.Object org.springframework.boot.actuate.endpoint.mvc.EndpointMvcAdapter.invoke()
INFO restartedMain org.springframework.boot.actuate.endpoint.mvc.EndpointHandlerMapping - Mapped "{[/info || /info.json],methods=[GET],produces=[application/vnd.spring-boot.actuator.v1+json || application/json]}" onto public java.lang.Object org.springframework.boot.actuate.endpoint.mvc.EndpointMvcAdapter.invoke()
INFO restartedMain org.springframework.boot.actuate.endpoint.mvc.EndpointHandlerMapping - Mapped "{[/env/{name:.*}],methods=[GET],produces=[application/vnd.spring-boot.actuator.v1+json || application/json]}" onto public java.lang.Object org.springframework.boot.actuate.endpoint.mvc.EnvironmentMvcEndpoint.value(java.lang.String)
INFO restartedMain org.springframework.boot.actuate.endpoint.mvc.EndpointHandlerMapping - Mapped "{[/env || /env.json],methods=[GET],produces=[application/vnd.spring-boot.actuator.v1+json || application/json]}" onto public java.lang.Object org.springframework.boot.actuate.endpoint.mvc.EndpointMvcAdapter.invoke()
INFO restartedMain org.springframework.boot.actuate.endpoint.mvc.EndpointHandlerMapping - Mapped "{[/mappings || /mappings.json],methods=[GET],produces=[application/vnd.spring-boot.actuator.v1+json || application/json]}" onto public java.lang.Object org.springframework.boot.actuate.endpoint.mvc.EndpointMvcAdapter.invoke()
INFO restartedMain org.springframework.boot.actuate.endpoint.mvc.EndpointHandlerMapping - Mapped "{[/auditevents || /auditevents.json],methods=[GET],produces=[application/vnd.spring-boot.actuator.v1+json || application/json]}" onto public org.springframework.http.ResponseEntity<?> org.springframework.boot.actuate.endpoint.mvc.AuditEventsMvcEndpoint.findByPrincipalAndAfterAndType(java.lang.String,java.util.Date,java.lang.String)
INFO restartedMain org.springframework.boot.actuate.endpoint.mvc.EndpointHandlerMapping - Mapped "{[/beans || /beans.json],methods=[GET],produces=[application/vnd.spring-boot.actuator.v1+json || application/json]}" onto public java.lang.Object org.springframework.boot.actuate.endpoint.mvc.EndpointMvcAdapter.invoke()
INFO restartedMain org.springframework.boot.actuate.endpoint.mvc.EndpointHandlerMapping - Mapped "{[/loggers/{name:.*}],methods=[GET],produces=[application/vnd.spring-boot.actuator.v1+json || application/json]}" onto public java.lang.Object org.springframework.boot.actuate.endpoint.mvc.LoggersMvcEndpoint.get(java.lang.String)
INFO restartedMain org.springframework.boot.actuate.endpoint.mvc.EndpointHandlerMapping - Mapped "{[/loggers/{name:.*}],methods=[POST],consumes=[application/vnd.spring-boot.actuator.v1+json || application/json],produces=[application/vnd.spring-boot.actuator.v1+json || application/json]}" onto public java.lang.Object org.springframework.boot.actuate.endpoint.mvc.LoggersMvcEndpoint.set(java.lang.String,java.util.Map<java.lang.String, java.lang.String>)
INFO restartedMain org.springframework.boot.actuate.endpoint.mvc.EndpointHandlerMapping - Mapped "{[/loggers || /loggers.json],methods=[GET],produces=[application/vnd.spring-boot.actuator.v1+json || application/json]}" onto public java.lang.Object org.springframework.boot.actuate.endpoint.mvc.EndpointMvcAdapter.invoke()
INFO restartedMain org.springframework.boot.actuate.endpoint.mvc.EndpointHandlerMapping - Mapped "{[/autoconfig || /autoconfig.json],methods=[GET],produces=[application/vnd.spring-boot.actuator.v1+json || application/json]}" onto public java.lang.Object org.springframework.boot.actuate.endpoint.mvc.EndpointMvcAdapter.invoke()
INFO restartedMain org.springframework.boot.actuate.endpoint.mvc.EndpointHandlerMapping - Mapped "{[/health || /health.json],methods=[GET],produces=[application/vnd.spring-boot.actuator.v1+json || application/json]}" onto public java.lang.Object org.springframework.boot.actuate.endpoint.mvc.HealthMvcEndpoint.invoke(javax.servlet.http.HttpServletRequest,java.security.Principal)
INFO restartedMain org.springframework.boot.actuate.endpoint.mvc.EndpointHandlerMapping - Mapped "{[/configprops || /configprops.json],methods=[GET],produces=[application/vnd.spring-boot.actuator.v1+json || application/json]}" onto public java.lang.Object org.springframework.boot.actuate.endpoint.mvc.EndpointMvcAdapter.invoke()
INFO restartedMain org.springframework.boot.actuate.endpoint.mvc.EndpointHandlerMapping - Mapped "{[/dump || /dump.json],methods=[GET],produces=[application/vnd.spring-boot.actuator.v1+json || application/json]}" onto public java.lang.Object org.springframework.boot.actuate.endpoint.mvc.EndpointMvcAdapter.invoke()
INFO restartedMain org.springframework.boot.actuate.endpoint.mvc.EndpointHandlerMapping - Mapped "{[/heapdump || /heapdump.json],methods=[GET],produces=[application/octet-stream]}" onto public void org.springframework.boot.actuate.endpoint.mvc.HeapdumpMvcEndpoint.invoke(boolean,javax.servlet.http.HttpServletRequest,javax.servlet.http.HttpServletResponse) throws java.io.IOException,javax.servlet.ServletException
INFO restartedMain org.springframework.boot.actuate.endpoint.mvc.EndpointHandlerMapping - Mapped "{[/trace || /trace.json],methods=[GET],produces=[application/vnd.spring-boot.actuator.v1+json || application/json]}" onto public java.lang.Object org.springframework.boot.actuate.endpoint.mvc.EndpointMvcAdapter.invoke()
INFO restartedMain org.springframework.boot.devtools.autoconfigure.OptionalLiveReloadServer - LiveReload server is running on port 35729
INFO restartedMain org.springframework.jmx.export.annotation.AnnotationMBeanExporter - Registering beans for JMX exposure on startup
INFO restartedMain org.springframework.boot.actuate.endpoint.jmx.EndpointMBeanExporter - Registering beans for JMX exposure on startup
INFO restartedMain org.springframework.context.support.DefaultLifecycleProcessor - Starting beans in phase 0
INFO restartedMain org.springframework.boot.actuate.endpoint.jmx.EndpointMBeanExporter - Located managed bean 'auditEventsEndpoint': registering with JMX server as MBean [org.springframework.boot:type=Endpoint,name=auditEventsEndpoint]
INFO restartedMain org.springframework.boot.actuate.endpoint.jmx.EndpointMBeanExporter - Located managed bean 'requestMappingEndpoint': registering with JMX server as MBean [org.springframework.boot:type=Endpoint,name=requestMappingEndpoint]
INFO restartedMain org.springframework.boot.actuate.endpoint.jmx.EndpointMBeanExporter - Located managed bean 'environmentEndpoint': registering with JMX server as MBean [org.springframework.boot:type=Endpoint,name=environmentEndpoint]
INFO restartedMain org.springframework.boot.actuate.endpoint.jmx.EndpointMBeanExporter - Located managed bean 'healthEndpoint': registering with JMX server as MBean [org.springframework.boot:type=Endpoint,name=healthEndpoint]
INFO restartedMain org.springframework.boot.actuate.endpoint.jmx.EndpointMBeanExporter - Located managed bean 'beansEndpoint': registering with JMX server as MBean [org.springframework.boot:type=Endpoint,name=beansEndpoint]
INFO restartedMain org.springframework.boot.actuate.endpoint.jmx.EndpointMBeanExporter - Located managed bean 'infoEndpoint': registering with JMX server as MBean [org.springframework.boot:type=Endpoint,name=infoEndpoint]
INFO restartedMain org.springframework.boot.actuate.endpoint.jmx.EndpointMBeanExporter - Located managed bean 'loggersEndpoint': registering with JMX server as MBean [org.springframework.boot:type=Endpoint,name=loggersEndpoint]
INFO restartedMain org.springframework.boot.actuate.endpoint.jmx.EndpointMBeanExporter - Located managed bean 'metricsEndpoint': registering with JMX server as MBean [org.springframework.boot:type=Endpoint,name=metricsEndpoint]
INFO restartedMain org.springframework.boot.actuate.endpoint.jmx.EndpointMBeanExporter - Located managed bean 'traceEndpoint': registering with JMX server as MBean [org.springframework.boot:type=Endpoint,name=traceEndpoint]
INFO restartedMain org.springframework.boot.actuate.endpoint.jmx.EndpointMBeanExporter - Located managed bean 'dumpEndpoint': registering with JMX server as MBean [org.springframework.boot:type=Endpoint,name=dumpEndpoint]
INFO restartedMain org.springframework.boot.actuate.endpoint.jmx.EndpointMBeanExporter - Located managed bean 'autoConfigurationReportEndpoint': registering with JMX server as MBean [org.springframework.boot:type=Endpoint,name=autoConfigurationReportEndpoint]
INFO restartedMain org.springframework.boot.actuate.endpoint.jmx.EndpointMBeanExporter - Located managed bean 'configurationPropertiesReportEndpoint': registering with JMX server as MBean [org.springframework.boot:type=Endpoint,name=configurationPropertiesReportEndpoint]
INFO restartedMain org.springframework.boot.context.embedded.tomcat.TomcatEmbeddedServletContainer - Tomcat started on port(s): 9000 (http)
INFO restartedMain br.com.casadocodigo.loja.CasadocodigoSpringbootApplication - Started CasadocodigoSpringbootApplication in 32.801 seconds (JVM running for 33.591)
INFO http-nio-9000-exec-1 org.springframework.web.servlet.DispatcherServlet - FrameworkServlet 'dispatcherServlet': initialization started
INFO http-nio-9000-exec-1 org.springframework.web.servlet.DispatcherServlet - FrameworkServlet 'dispatcherServlet': initialization completed in 39 ms
INFO http-nio-9000-exec-1 org.thymeleaf.TemplateEngine - [THYMELEAF] INITIALIZING TEMPLATE ENGINE
INFO http-nio-9000-exec-1 org.thymeleaf.templateresolver.AbstractTemplateResolver - [THYMELEAF] INITIALIZING TEMPLATE RESOLVER: org.thymeleaf.spring4.templateresolver.SpringResourceTemplateResolver
INFO http-nio-9000-exec-1 org.thymeleaf.templateresolver.AbstractTemplateResolver - [THYMELEAF] TEMPLATE RESOLVER INITIALIZED OK
INFO http-nio-9000-exec-1 org.thymeleaf.messageresolver.AbstractMessageResolver - [THYMELEAF] INITIALIZING MESSAGE RESOLVER: org.thymeleaf.spring4.messageresolver.SpringMessageResolver
INFO http-nio-9000-exec-1 org.thymeleaf.messageresolver.AbstractMessageResolver - [THYMELEAF] MESSAGE RESOLVER INITIALIZED OK
INFO http-nio-9000-exec-1 org.thymeleaf.TemplateEngine.CONFIG - [THYMELEAF] TEMPLATE ENGINE CONFIGURATION:
[THYMELEAF] * Cache Factory implementation: org.thymeleaf.cache.StandardCacheManager
[THYMELEAF] * Template modes:
[THYMELEAF]     * XHTML
[THYMELEAF]     * LEGACYHTML5
[THYMELEAF]     * XML
[THYMELEAF]     * VALIDXHTML
[THYMELEAF]     * HTML5
[THYMELEAF]     * VALIDXML
[THYMELEAF] * Template resolvers (in order):
[THYMELEAF]     * org.thymeleaf.spring4.templateresolver.SpringResourceTemplateResolver
[THYMELEAF] * Message resolvers (in order):
[THYMELEAF]     * org.thymeleaf.spring4.messageresolver.SpringMessageResolver
[THYMELEAF] * Dialect [1 of 3]: org.thymeleaf.spring4.dialect.SpringStandardDialect
[THYMELEAF]     * Prefix: "th"
[THYMELEAF] * Dialect [2 of 3]: org.thymeleaf.extras.springsecurity4.dialect.SpringSecurityDialect
[THYMELEAF]     * Prefix: "sec"
[THYMELEAF] * Dialect [3 of 3]: nz.net.ultraq.thymeleaf.LayoutDialect
[THYMELEAF]     * Prefix: "layout"
[THYMELEAF] TEMPLATE ENGINE CONFIGURED OK
INFO http-nio-9000-exec-1 org.thymeleaf.TemplateEngine - [THYMELEAF] TEMPLATE ENGINE INITIALIZED
INFO restartedMain br.com.casadocodigo.loja.CasadocodigoSpringbootApplication - Starting CasadocodigoSpringbootApplication on gabi-Aspire-V5-471 with PID 4062 (/home/vinicius/git/migration-projects/casadocodigo-springboot/target/classes started by vinicius in /home/vinicius/git/migration-projects/casadocodigo-springboot)
INFO restartedMain br.com.casadocodigo.loja.CasadocodigoSpringbootApplication - No active profile set, falling back to default profiles: default
INFO restartedMain org.springframework.boot.context.embedded.AnnotationConfigEmbeddedWebApplicationContext - Refreshing org.springframework.boot.context.embedded.AnnotationConfigEmbeddedWebApplicationContext@49568861: startup date [Sat Apr 08 23:51:47 BRT 2017]; root of context hierarchy
INFO background-preinit org.hibernate.validator.internal.util.Version - HV000001: Hibernate Validator 5.3.4.Final
INFO restartedMain org.springframework.context.annotation.ConfigurationClassBeanDefinitionReader - Skipping bean definition for [BeanMethod:name=carrinhoCompras,declaringClass=br.com.casadocodigo.loja.WebMvcConfig]: a definition for bean 'carrinhoCompras' already exists. This top-level bean definition is considered as an override.
INFO restartedMain org.springframework.context.support.PostProcessorRegistrationDelegate$BeanPostProcessorChecker - Bean 'org.springframework.transaction.annotation.ProxyTransactionManagementConfiguration' of type [org.springframework.transaction.annotation.ProxyTransactionManagementConfiguration$$EnhancerBySpringCGLIB$$5282d844] is not eligible for getting processed by all BeanPostProcessors (for example: not eligible for auto-proxying)
INFO restartedMain org.springframework.context.support.PostProcessorRegistrationDelegate$BeanPostProcessorChecker - Bean 'org.springframework.cache.annotation.ProxyCachingConfiguration' of type [org.springframework.cache.annotation.ProxyCachingConfiguration$$EnhancerBySpringCGLIB$$9b950e62] is not eligible for getting processed by all BeanPostProcessors (for example: not eligible for auto-proxying)
INFO restartedMain org.springframework.boot.context.embedded.tomcat.TomcatEmbeddedServletContainer - Tomcat initialized with port(s): 9000 (http)
INFO localhost-startStop-1 org.springframework.web.context.ContextLoader - Root WebApplicationContext: initialization completed in 8861 ms
INFO localhost-startStop-1 org.springframework.boot.web.servlet.FilterRegistrationBean - Mapping filter: 'metricsFilter' to: [/*]
INFO localhost-startStop-1 org.springframework.boot.web.servlet.FilterRegistrationBean - Mapping filter: 'characterEncodingFilter' to: [/*]
INFO localhost-startStop-1 org.springframework.boot.web.servlet.FilterRegistrationBean - Mapping filter: 'hiddenHttpMethodFilter' to: [/*]
INFO localhost-startStop-1 org.springframework.boot.web.servlet.FilterRegistrationBean - Mapping filter: 'httpPutFormContentFilter' to: [/*]
INFO localhost-startStop-1 org.springframework.boot.web.servlet.DelegatingFilterProxyRegistrationBean - Mapping filter: 'springSecurityFilterChain' to: [/*]
INFO localhost-startStop-1 org.springframework.boot.web.servlet.FilterRegistrationBean - Mapping filter: 'webRequestLoggingFilter' to: [/*]
INFO localhost-startStop-1 org.springframework.boot.web.servlet.FilterRegistrationBean - Mapping filter: 'applicationContextIdFilter' to: [/*]
INFO localhost-startStop-1 org.springframework.boot.web.servlet.ServletRegistrationBean - Mapping servlet: 'dispatcherServlet' to [/]
INFO restartedMain org.springframework.orm.jpa.LocalContainerEntityManagerFactoryBean - Building JPA container EntityManagerFactory for persistence unit 'default'
INFO restartedMain org.hibernate.jpa.internal.util.LogHelper - HHH000204: Processing PersistenceUnitInfo [
	name: default
	...]
INFO restartedMain org.hibernate.Version - HHH000412: Hibernate Core {5.0.12.Final}
INFO restartedMain org.hibernate.cfg.Environment - HHH000206: hibernate.properties not found
INFO restartedMain org.hibernate.cfg.Environment - HHH000021: Bytecode provider name : javassist
INFO restartedMain org.hibernate.annotations.common.Version - HCANN000001: Hibernate Commons Annotations {5.0.1.Final}
INFO restartedMain org.hibernate.dialect.Dialect - HHH000400: Using dialect: org.hibernate.dialect.MySQL5Dialect
INFO restartedMain org.hibernate.tool.hbm2ddl.SchemaUpdate - HHH000228: Running hbm2ddl schema update
INFO restartedMain org.springframework.orm.jpa.LocalContainerEntityManagerFactoryBean - Initialized JPA EntityManagerFactory for persistence unit 'default'
INFO restartedMain org.hibernate.hql.internal.QueryTranslatorFactoryInitiator - HHH000397: Using ASTQueryTranslatorFactory
INFO restartedMain org.springframework.security.web.DefaultSecurityFilterChain - Creating filter chain: Ant [pattern='/resources/**'], []
INFO restartedMain org.springframework.security.web.DefaultSecurityFilterChain - Creating filter chain: Ant [pattern='/static/**'], []
INFO restartedMain org.springframework.security.web.DefaultSecurityFilterChain - Creating filter chain: Ant [pattern='/css/**'], []
INFO restartedMain org.springframework.security.web.DefaultSecurityFilterChain - Creating filter chain: Ant [pattern='/js/**'], []
INFO restartedMain org.springframework.security.web.DefaultSecurityFilterChain - Creating filter chain: Ant [pattern='/images/**'], []
INFO restartedMain org.springframework.security.web.DefaultSecurityFilterChain - Creating filter chain: org.springframework.security.web.util.matcher.AnyRequestMatcher@1, [org.springframework.security.web.context.request.async.WebAsyncManagerIntegrationFilter@9fb2513, org.springframework.security.web.context.SecurityContextPersistenceFilter@2ef58720, org.springframework.security.web.header.HeaderWriterFilter@7d6abdc9, org.springframework.security.web.csrf.CsrfFilter@12867c8f, org.springframework.security.web.authentication.logout.LogoutFilter@62e5b74c, org.springframework.security.web.authentication.UsernamePasswordAuthenticationFilter@71727a0b, org.springframework.security.web.savedrequest.RequestCacheAwareFilter@76c5e356, org.springframework.security.web.servletapi.SecurityContextHolderAwareRequestFilter@6606918c, org.springframework.security.web.authentication.AnonymousAuthenticationFilter@27002d02, org.springframework.security.web.session.SessionManagementFilter@356d2aab, org.springframework.security.web.access.ExceptionTranslationFilter@27406d79, org.springframework.security.web.access.intercept.FilterSecurityInterceptor@76035517]
INFO restartedMain org.springframework.security.web.DefaultSecurityFilterChain - Creating filter chain: org.springframework.boot.actuate.autoconfigure.ManagementWebSecurityAutoConfiguration$LazyEndpointPathRequestMatcher@1dd6bd65, [org.springframework.security.web.context.request.async.WebAsyncManagerIntegrationFilter@550dccd0, org.springframework.security.web.context.SecurityContextPersistenceFilter@a1346fe, org.springframework.security.web.header.HeaderWriterFilter@5f18022b, org.springframework.security.web.authentication.logout.LogoutFilter@463f4139, org.springframework.security.web.authentication.www.BasicAuthenticationFilter@5b21ab79, org.springframework.security.web.savedrequest.RequestCacheAwareFilter@5a9e2774, org.springframework.security.web.servletapi.SecurityContextHolderAwareRequestFilter@45087f56, org.springframework.security.web.authentication.AnonymousAuthenticationFilter@464e503c, org.springframework.security.web.session.SessionManagementFilter@b7de05, org.springframework.security.web.access.ExceptionTranslationFilter@60761575, org.springframework.security.web.access.intercept.FilterSecurityInterceptor@c18817e]
INFO restartedMain org.springframework.web.servlet.mvc.method.annotation.RequestMappingHandlerAdapter - Looking for @ControllerAdvice: org.springframework.boot.context.embedded.AnnotationConfigEmbeddedWebApplicationContext@49568861: startup date [Sat Apr 08 23:51:47 BRT 2017]; root of context hierarchy
INFO restartedMain org.springframework.web.servlet.mvc.method.annotation.RequestMappingHandlerMapping - Mapped "{[/error],produces=[text/html]}" onto public org.springframework.web.servlet.ModelAndView br.com.casadocodigo.loja.controllers.AppErrorController.errorHtml(javax.servlet.http.HttpServletRequest)
INFO restartedMain org.springframework.web.servlet.mvc.method.annotation.RequestMappingHandlerMapping - Mapped "{[/error]}" onto public org.springframework.http.ResponseEntity<java.util.Map<java.lang.String, java.lang.Object>> br.com.casadocodigo.loja.controllers.AppErrorController.error(javax.servlet.http.HttpServletRequest)
INFO restartedMain org.springframework.web.servlet.mvc.method.annotation.RequestMappingHandlerMapping - Mapped "{[/carrinho/itens],methods=[GET]}" onto public org.springframework.web.servlet.ModelAndView br.com.casadocodigo.loja.controllers.CarrinhoComprasController.itens()
INFO restartedMain org.springframework.web.servlet.mvc.method.annotation.RequestMappingHandlerMapping - Mapped "{[/carrinho/remover]}" onto public org.springframework.web.servlet.ModelAndView br.com.casadocodigo.loja.controllers.CarrinhoComprasController.remover(java.lang.Integer,br.com.casadocodigo.loja.models.TipoPreco)
INFO restartedMain org.springframework.web.servlet.mvc.method.annotation.RequestMappingHandlerMapping - Mapped "{[/carrinho/add]}" onto public org.springframework.web.servlet.ModelAndView br.com.casadocodigo.loja.controllers.CarrinhoComprasController.add(java.lang.Integer,br.com.casadocodigo.loja.models.TipoPreco)
INFO restartedMain org.springframework.web.servlet.mvc.method.annotation.RequestMappingHandlerMapping - Mapped "{[/collection/{categoria}],methods=[GET]}" onto public org.springframework.web.servlet.ModelAndView br.com.casadocodigo.loja.controllers.HomeController.collection(java.lang.String)
INFO restartedMain org.springframework.web.servlet.mvc.method.annotation.RequestMappingHandlerMapping - Mapped "{[/]}" onto public org.springframework.web.servlet.ModelAndView br.com.casadocodigo.loja.controllers.HomeController.index()
INFO restartedMain org.springframework.web.servlet.mvc.method.annotation.RequestMappingHandlerMapping - Mapped "{[/login],methods=[GET]}" onto public java.lang.String br.com.casadocodigo.loja.controllers.LoginController.login()
INFO restartedMain org.springframework.web.servlet.mvc.method.annotation.RequestMappingHandlerMapping - Mapped "{[/login/criar],methods=[GET]}" onto public java.lang.String br.com.casadocodigo.loja.controllers.LoginController.criar(br.com.casadocodigo.loja.models.User)
INFO restartedMain org.springframework.web.servlet.mvc.method.annotation.RequestMappingHandlerMapping - Mapped "{[/login/gravar],methods=[POST]}" onto public java.lang.String br.com.casadocodigo.loja.controllers.LoginController.gravar(br.com.casadocodigo.loja.models.User,java.lang.String,org.springframework.web.servlet.mvc.support.RedirectAttributes)
INFO restartedMain org.springframework.web.servlet.mvc.method.annotation.RequestMappingHandlerMapping - Mapped "{[/logout],methods=[GET]}" onto public org.springframework.web.servlet.ModelAndView br.com.casadocodigo.loja.controllers.LoginController.logout()
INFO restartedMain org.springframework.web.servlet.mvc.method.annotation.RequestMappingHandlerMapping - Mapped "{[/pagamento/finalizar],methods=[POST]}" onto public java.util.concurrent.Callable<org.springframework.web.servlet.ModelAndView> br.com.casadocodigo.loja.controllers.PagamentoController.finalizar(br.com.casadocodigo.loja.models.User,org.springframework.web.servlet.mvc.support.RedirectAttributes)
INFO restartedMain org.springframework.web.servlet.mvc.method.annotation.RequestMappingHandlerMapping - Mapped "{[/produtos],methods=[POST]}" onto public org.springframework.web.servlet.ModelAndView br.com.casadocodigo.loja.controllers.ProdutosController.gravar(org.springframework.web.multipart.MultipartFile,br.com.casadocodigo.loja.models.Produto,org.springframework.validation.BindingResult,org.springframework.web.servlet.mvc.support.RedirectAttributes)
INFO restartedMain org.springframework.web.servlet.mvc.method.annotation.RequestMappingHandlerMapping - Mapped "{[/produtos/remover],methods=[POST]}" onto public org.springframework.web.servlet.ModelAndView br.com.casadocodigo.loja.controllers.ProdutosController.remover(java.lang.Integer,org.springframework.web.servlet.mvc.support.RedirectAttributes)
INFO restartedMain org.springframework.web.servlet.mvc.method.annotation.RequestMappingHandlerMapping - Mapped "{[/produtos/detalhe/{id}]}" onto public org.springframework.web.servlet.ModelAndView br.com.casadocodigo.loja.controllers.ProdutosController.detalhe(java.lang.Integer)
INFO restartedMain org.springframework.web.servlet.mvc.method.annotation.RequestMappingHandlerMapping - Mapped "{[/produtos/editar],methods=[POST]}" onto public org.springframework.web.servlet.ModelAndView br.com.casadocodigo.loja.controllers.ProdutosController.editar(java.lang.Integer)
INFO restartedMain org.springframework.web.servlet.mvc.method.annotation.RequestMappingHandlerMapping - Mapped "{[/produtos/listar],methods=[GET]}" onto public org.springframework.web.servlet.ModelAndView br.com.casadocodigo.loja.controllers.ProdutosController.listar() throws java.io.UnsupportedEncodingException
INFO restartedMain org.springframework.web.servlet.mvc.method.annotation.RequestMappingHandlerMapping - Mapped "{[/produtos/form]}" onto public org.springframework.web.servlet.ModelAndView br.com.casadocodigo.loja.controllers.ProdutosController.form(br.com.casadocodigo.loja.models.Produto)
INFO restartedMain org.springframework.web.servlet.handler.SimpleUrlHandlerMapping - Mapped URL path [/webjars/**] onto handler of type [class org.springframework.web.servlet.resource.ResourceHttpRequestHandler]
INFO restartedMain org.springframework.web.servlet.handler.SimpleUrlHandlerMapping - Mapped URL path [/**] onto handler of type [class org.springframework.web.servlet.resource.ResourceHttpRequestHandler]
INFO restartedMain org.springframework.web.servlet.handler.SimpleUrlHandlerMapping - Mapped URL path [/**/favicon.ico] onto handler of type [class org.springframework.web.servlet.resource.ResourceHttpRequestHandler]
INFO restartedMain org.springframework.boot.actuate.endpoint.mvc.EndpointHandlerMapping - Mapped "{[/auditevents || /auditevents.json],methods=[GET],produces=[application/vnd.spring-boot.actuator.v1+json || application/json]}" onto public org.springframework.http.ResponseEntity<?> org.springframework.boot.actuate.endpoint.mvc.AuditEventsMvcEndpoint.findByPrincipalAndAfterAndType(java.lang.String,java.util.Date,java.lang.String)
INFO restartedMain org.springframework.boot.actuate.endpoint.mvc.EndpointHandlerMapping - Mapped "{[/configprops || /configprops.json],methods=[GET],produces=[application/vnd.spring-boot.actuator.v1+json || application/json]}" onto public java.lang.Object org.springframework.boot.actuate.endpoint.mvc.EndpointMvcAdapter.invoke()
INFO restartedMain org.springframework.boot.actuate.endpoint.mvc.EndpointHandlerMapping - Mapped "{[/info || /info.json],methods=[GET],produces=[application/vnd.spring-boot.actuator.v1+json || application/json]}" onto public java.lang.Object org.springframework.boot.actuate.endpoint.mvc.EndpointMvcAdapter.invoke()
INFO restartedMain org.springframework.boot.actuate.endpoint.mvc.EndpointHandlerMapping - Mapped "{[/dump || /dump.json],methods=[GET],produces=[application/vnd.spring-boot.actuator.v1+json || application/json]}" onto public java.lang.Object org.springframework.boot.actuate.endpoint.mvc.EndpointMvcAdapter.invoke()
INFO restartedMain org.springframework.boot.actuate.endpoint.mvc.EndpointHandlerMapping - Mapped "{[/trace || /trace.json],methods=[GET],produces=[application/vnd.spring-boot.actuator.v1+json || application/json]}" onto public java.lang.Object org.springframework.boot.actuate.endpoint.mvc.EndpointMvcAdapter.invoke()
INFO restartedMain org.springframework.boot.actuate.endpoint.mvc.EndpointHandlerMapping - Mapped "{[/mappings || /mappings.json],methods=[GET],produces=[application/vnd.spring-boot.actuator.v1+json || application/json]}" onto public java.lang.Object org.springframework.boot.actuate.endpoint.mvc.EndpointMvcAdapter.invoke()
INFO restartedMain org.springframework.boot.actuate.endpoint.mvc.EndpointHandlerMapping - Mapped "{[/beans || /beans.json],methods=[GET],produces=[application/vnd.spring-boot.actuator.v1+json || application/json]}" onto public java.lang.Object org.springframework.boot.actuate.endpoint.mvc.EndpointMvcAdapter.invoke()
INFO restartedMain org.springframework.boot.actuate.endpoint.mvc.EndpointHandlerMapping - Mapped "{[/health || /health.json],methods=[GET],produces=[application/vnd.spring-boot.actuator.v1+json || application/json]}" onto public java.lang.Object org.springframework.boot.actuate.endpoint.mvc.HealthMvcEndpoint.invoke(javax.servlet.http.HttpServletRequest,java.security.Principal)
INFO restartedMain org.springframework.boot.actuate.endpoint.mvc.EndpointHandlerMapping - Mapped "{[/loggers/{name:.*}],methods=[GET],produces=[application/vnd.spring-boot.actuator.v1+json || application/json]}" onto public java.lang.Object org.springframework.boot.actuate.endpoint.mvc.LoggersMvcEndpoint.get(java.lang.String)
INFO restartedMain org.springframework.boot.actuate.endpoint.mvc.EndpointHandlerMapping - Mapped "{[/loggers/{name:.*}],methods=[POST],consumes=[application/vnd.spring-boot.actuator.v1+json || application/json],produces=[application/vnd.spring-boot.actuator.v1+json || application/json]}" onto public java.lang.Object org.springframework.boot.actuate.endpoint.mvc.LoggersMvcEndpoint.set(java.lang.String,java.util.Map<java.lang.String, java.lang.String>)
INFO restartedMain org.springframework.boot.actuate.endpoint.mvc.EndpointHandlerMapping - Mapped "{[/loggers || /loggers.json],methods=[GET],produces=[application/vnd.spring-boot.actuator.v1+json || application/json]}" onto public java.lang.Object org.springframework.boot.actuate.endpoint.mvc.EndpointMvcAdapter.invoke()
INFO restartedMain org.springframework.boot.actuate.endpoint.mvc.EndpointHandlerMapping - Mapped "{[/heapdump || /heapdump.json],methods=[GET],produces=[application/octet-stream]}" onto public void org.springframework.boot.actuate.endpoint.mvc.HeapdumpMvcEndpoint.invoke(boolean,javax.servlet.http.HttpServletRequest,javax.servlet.http.HttpServletResponse) throws java.io.IOException,javax.servlet.ServletException
INFO restartedMain org.springframework.boot.actuate.endpoint.mvc.EndpointHandlerMapping - Mapped "{[/env/{name:.*}],methods=[GET],produces=[application/vnd.spring-boot.actuator.v1+json || application/json]}" onto public java.lang.Object org.springframework.boot.actuate.endpoint.mvc.EnvironmentMvcEndpoint.value(java.lang.String)
INFO restartedMain org.springframework.boot.actuate.endpoint.mvc.EndpointHandlerMapping - Mapped "{[/env || /env.json],methods=[GET],produces=[application/vnd.spring-boot.actuator.v1+json || application/json]}" onto public java.lang.Object org.springframework.boot.actuate.endpoint.mvc.EndpointMvcAdapter.invoke()
INFO restartedMain org.springframework.boot.actuate.endpoint.mvc.EndpointHandlerMapping - Mapped "{[/metrics/{name:.*}],methods=[GET],produces=[application/vnd.spring-boot.actuator.v1+json || application/json]}" onto public java.lang.Object org.springframework.boot.actuate.endpoint.mvc.MetricsMvcEndpoint.value(java.lang.String)
INFO restartedMain org.springframework.boot.actuate.endpoint.mvc.EndpointHandlerMapping - Mapped "{[/metrics || /metrics.json],methods=[GET],produces=[application/vnd.spring-boot.actuator.v1+json || application/json]}" onto public java.lang.Object org.springframework.boot.actuate.endpoint.mvc.EndpointMvcAdapter.invoke()
INFO restartedMain org.springframework.boot.actuate.endpoint.mvc.EndpointHandlerMapping - Mapped "{[/autoconfig || /autoconfig.json],methods=[GET],produces=[application/vnd.spring-boot.actuator.v1+json || application/json]}" onto public java.lang.Object org.springframework.boot.actuate.endpoint.mvc.EndpointMvcAdapter.invoke()
INFO restartedMain org.springframework.boot.devtools.autoconfigure.OptionalLiveReloadServer - LiveReload server is running on port 35729
INFO restartedMain org.springframework.jmx.export.annotation.AnnotationMBeanExporter - Registering beans for JMX exposure on startup
INFO restartedMain org.springframework.boot.actuate.endpoint.jmx.EndpointMBeanExporter - Registering beans for JMX exposure on startup
INFO restartedMain org.springframework.context.support.DefaultLifecycleProcessor - Starting beans in phase 0
INFO restartedMain org.springframework.boot.actuate.endpoint.jmx.EndpointMBeanExporter - Located managed bean 'auditEventsEndpoint': registering with JMX server as MBean [org.springframework.boot:type=Endpoint,name=auditEventsEndpoint]
INFO restartedMain org.springframework.boot.actuate.endpoint.jmx.EndpointMBeanExporter - Located managed bean 'requestMappingEndpoint': registering with JMX server as MBean [org.springframework.boot:type=Endpoint,name=requestMappingEndpoint]
INFO restartedMain org.springframework.boot.actuate.endpoint.jmx.EndpointMBeanExporter - Located managed bean 'environmentEndpoint': registering with JMX server as MBean [org.springframework.boot:type=Endpoint,name=environmentEndpoint]
INFO restartedMain org.springframework.boot.actuate.endpoint.jmx.EndpointMBeanExporter - Located managed bean 'healthEndpoint': registering with JMX server as MBean [org.springframework.boot:type=Endpoint,name=healthEndpoint]
INFO restartedMain org.springframework.boot.actuate.endpoint.jmx.EndpointMBeanExporter - Located managed bean 'beansEndpoint': registering with JMX server as MBean [org.springframework.boot:type=Endpoint,name=beansEndpoint]
INFO restartedMain org.springframework.boot.actuate.endpoint.jmx.EndpointMBeanExporter - Located managed bean 'infoEndpoint': registering with JMX server as MBean [org.springframework.boot:type=Endpoint,name=infoEndpoint]
INFO restartedMain org.springframework.boot.actuate.endpoint.jmx.EndpointMBeanExporter - Located managed bean 'loggersEndpoint': registering with JMX server as MBean [org.springframework.boot:type=Endpoint,name=loggersEndpoint]
INFO restartedMain org.springframework.boot.actuate.endpoint.jmx.EndpointMBeanExporter - Located managed bean 'metricsEndpoint': registering with JMX server as MBean [org.springframework.boot:type=Endpoint,name=metricsEndpoint]
INFO restartedMain org.springframework.boot.actuate.endpoint.jmx.EndpointMBeanExporter - Located managed bean 'traceEndpoint': registering with JMX server as MBean [org.springframework.boot:type=Endpoint,name=traceEndpoint]
INFO restartedMain org.springframework.boot.actuate.endpoint.jmx.EndpointMBeanExporter - Located managed bean 'dumpEndpoint': registering with JMX server as MBean [org.springframework.boot:type=Endpoint,name=dumpEndpoint]
INFO restartedMain org.springframework.boot.actuate.endpoint.jmx.EndpointMBeanExporter - Located managed bean 'autoConfigurationReportEndpoint': registering with JMX server as MBean [org.springframework.boot:type=Endpoint,name=autoConfigurationReportEndpoint]
INFO restartedMain org.springframework.boot.actuate.endpoint.jmx.EndpointMBeanExporter - Located managed bean 'configurationPropertiesReportEndpoint': registering with JMX server as MBean [org.springframework.boot:type=Endpoint,name=configurationPropertiesReportEndpoint]
INFO restartedMain org.springframework.boot.context.embedded.tomcat.TomcatEmbeddedServletContainer - Tomcat started on port(s): 9000 (http)
INFO restartedMain br.com.casadocodigo.loja.CasadocodigoSpringbootApplication - Started CasadocodigoSpringbootApplication in 32.378 seconds (JVM running for 33.113)
INFO http-nio-9000-exec-1 org.springframework.web.servlet.DispatcherServlet - FrameworkServlet 'dispatcherServlet': initialization started
INFO http-nio-9000-exec-1 org.springframework.web.servlet.DispatcherServlet - FrameworkServlet 'dispatcherServlet': initialization completed in 34 ms
INFO http-nio-9000-exec-1 org.thymeleaf.TemplateEngine - [THYMELEAF] INITIALIZING TEMPLATE ENGINE
INFO http-nio-9000-exec-1 org.thymeleaf.templateresolver.AbstractTemplateResolver - [THYMELEAF] INITIALIZING TEMPLATE RESOLVER: org.thymeleaf.spring4.templateresolver.SpringResourceTemplateResolver
INFO http-nio-9000-exec-1 org.thymeleaf.templateresolver.AbstractTemplateResolver - [THYMELEAF] TEMPLATE RESOLVER INITIALIZED OK
INFO http-nio-9000-exec-1 org.thymeleaf.messageresolver.AbstractMessageResolver - [THYMELEAF] INITIALIZING MESSAGE RESOLVER: org.thymeleaf.spring4.messageresolver.SpringMessageResolver
INFO http-nio-9000-exec-1 org.thymeleaf.messageresolver.AbstractMessageResolver - [THYMELEAF] MESSAGE RESOLVER INITIALIZED OK
INFO http-nio-9000-exec-1 org.thymeleaf.TemplateEngine.CONFIG - [THYMELEAF] TEMPLATE ENGINE CONFIGURATION:
[THYMELEAF] * Cache Factory implementation: org.thymeleaf.cache.StandardCacheManager
[THYMELEAF] * Template modes:
[THYMELEAF]     * HTML5
[THYMELEAF]     * XHTML
[THYMELEAF]     * XML
[THYMELEAF]     * VALIDXML
[THYMELEAF]     * VALIDXHTML
[THYMELEAF]     * LEGACYHTML5
[THYMELEAF] * Template resolvers (in order):
[THYMELEAF]     * org.thymeleaf.spring4.templateresolver.SpringResourceTemplateResolver
[THYMELEAF] * Message resolvers (in order):
[THYMELEAF]     * org.thymeleaf.spring4.messageresolver.SpringMessageResolver
[THYMELEAF] * Dialect [1 of 3]: org.thymeleaf.spring4.dialect.SpringStandardDialect
[THYMELEAF]     * Prefix: "th"
[THYMELEAF] * Dialect [2 of 3]: org.thymeleaf.extras.springsecurity4.dialect.SpringSecurityDialect
[THYMELEAF]     * Prefix: "sec"
[THYMELEAF] * Dialect [3 of 3]: nz.net.ultraq.thymeleaf.LayoutDialect
[THYMELEAF]     * Prefix: "layout"
[THYMELEAF] TEMPLATE ENGINE CONFIGURED OK
INFO http-nio-9000-exec-1 org.thymeleaf.TemplateEngine - [THYMELEAF] TEMPLATE ENGINE INITIALIZED
INFO restartedMain br.com.casadocodigo.loja.CasadocodigoSpringbootApplication - Starting CasadocodigoSpringbootApplication on gabi-Aspire-V5-471 with PID 4307 (/home/vinicius/git/migration-projects/casadocodigo-springboot/target/classes started by vinicius in /home/vinicius/git/migration-projects/casadocodigo-springboot)
INFO restartedMain br.com.casadocodigo.loja.CasadocodigoSpringbootApplication - No active profile set, falling back to default profiles: default
INFO restartedMain org.springframework.boot.context.embedded.AnnotationConfigEmbeddedWebApplicationContext - Refreshing org.springframework.boot.context.embedded.AnnotationConfigEmbeddedWebApplicationContext@5b7a3a12: startup date [Sat Apr 08 23:54:59 BRT 2017]; root of context hierarchy
INFO background-preinit org.hibernate.validator.internal.util.Version - HV000001: Hibernate Validator 5.3.4.Final
INFO restartedMain org.springframework.context.annotation.ConfigurationClassBeanDefinitionReader - Skipping bean definition for [BeanMethod:name=carrinhoCompras,declaringClass=br.com.casadocodigo.loja.WebMvcConfig]: a definition for bean 'carrinhoCompras' already exists. This top-level bean definition is considered as an override.
INFO restartedMain org.springframework.context.support.PostProcessorRegistrationDelegate$BeanPostProcessorChecker - Bean 'org.springframework.transaction.annotation.ProxyTransactionManagementConfiguration' of type [org.springframework.transaction.annotation.ProxyTransactionManagementConfiguration$$EnhancerBySpringCGLIB$$353b6c35] is not eligible for getting processed by all BeanPostProcessors (for example: not eligible for auto-proxying)
INFO restartedMain org.springframework.context.support.PostProcessorRegistrationDelegate$BeanPostProcessorChecker - Bean 'org.springframework.cache.annotation.ProxyCachingConfiguration' of type [org.springframework.cache.annotation.ProxyCachingConfiguration$$EnhancerBySpringCGLIB$$7e4da253] is not eligible for getting processed by all BeanPostProcessors (for example: not eligible for auto-proxying)
INFO restartedMain org.springframework.boot.context.embedded.tomcat.TomcatEmbeddedServletContainer - Tomcat initialized with port(s): 9000 (http)
INFO localhost-startStop-1 org.springframework.web.context.ContextLoader - Root WebApplicationContext: initialization completed in 15577 ms
INFO localhost-startStop-1 org.springframework.boot.web.servlet.FilterRegistrationBean - Mapping filter: 'metricsFilter' to: [/*]
INFO localhost-startStop-1 org.springframework.boot.web.servlet.FilterRegistrationBean - Mapping filter: 'characterEncodingFilter' to: [/*]
INFO localhost-startStop-1 org.springframework.boot.web.servlet.FilterRegistrationBean - Mapping filter: 'hiddenHttpMethodFilter' to: [/*]
INFO localhost-startStop-1 org.springframework.boot.web.servlet.FilterRegistrationBean - Mapping filter: 'httpPutFormContentFilter' to: [/*]
INFO localhost-startStop-1 org.springframework.boot.web.servlet.DelegatingFilterProxyRegistrationBean - Mapping filter: 'springSecurityFilterChain' to: [/*]
INFO localhost-startStop-1 org.springframework.boot.web.servlet.FilterRegistrationBean - Mapping filter: 'webRequestLoggingFilter' to: [/*]
INFO localhost-startStop-1 org.springframework.boot.web.servlet.FilterRegistrationBean - Mapping filter: 'applicationContextIdFilter' to: [/*]
INFO localhost-startStop-1 org.springframework.boot.web.servlet.ServletRegistrationBean - Mapping servlet: 'dispatcherServlet' to [/]
INFO restartedMain org.springframework.orm.jpa.LocalContainerEntityManagerFactoryBean - Building JPA container EntityManagerFactory for persistence unit 'default'
INFO restartedMain org.hibernate.jpa.internal.util.LogHelper - HHH000204: Processing PersistenceUnitInfo [
	name: default
	...]
INFO restartedMain org.hibernate.Version - HHH000412: Hibernate Core {5.0.12.Final}
INFO restartedMain org.hibernate.cfg.Environment - HHH000206: hibernate.properties not found
INFO restartedMain org.hibernate.cfg.Environment - HHH000021: Bytecode provider name : javassist
INFO restartedMain org.hibernate.annotations.common.Version - HCANN000001: Hibernate Commons Annotations {5.0.1.Final}
INFO restartedMain org.hibernate.dialect.Dialect - HHH000400: Using dialect: org.hibernate.dialect.MySQL5Dialect
INFO restartedMain org.hibernate.tool.hbm2ddl.SchemaUpdate - HHH000228: Running hbm2ddl schema update
INFO restartedMain org.hibernate.tool.schema.extract.internal.InformationExtractorJdbcDatabaseMetaDataImpl - HHH000262: Table not found: produto
INFO restartedMain org.hibernate.tool.schema.extract.internal.InformationExtractorJdbcDatabaseMetaDataImpl - HHH000262: Table not found: produto
INFO restartedMain org.hibernate.tool.schema.extract.internal.InformationExtractorJdbcDatabaseMetaDataImpl - HHH000262: Table not found: produto_categoria
INFO restartedMain org.hibernate.tool.schema.extract.internal.InformationExtractorJdbcDatabaseMetaDataImpl - HHH000262: Table not found: produto_categoria
INFO restartedMain org.hibernate.tool.schema.extract.internal.InformationExtractorJdbcDatabaseMetaDataImpl - HHH000262: Table not found: produto_precos
INFO restartedMain org.hibernate.tool.schema.extract.internal.InformationExtractorJdbcDatabaseMetaDataImpl - HHH000262: Table not found: produto_precos
INFO restartedMain org.hibernate.tool.schema.extract.internal.InformationExtractorJdbcDatabaseMetaDataImpl - HHH000262: Table not found: role
INFO restartedMain org.hibernate.tool.schema.extract.internal.InformationExtractorJdbcDatabaseMetaDataImpl - HHH000262: Table not found: role
INFO restartedMain org.hibernate.tool.schema.extract.internal.InformationExtractorJdbcDatabaseMetaDataImpl - HHH000262: Table not found: user
INFO restartedMain org.hibernate.tool.schema.extract.internal.InformationExtractorJdbcDatabaseMetaDataImpl - HHH000262: Table not found: user
INFO restartedMain org.hibernate.tool.schema.extract.internal.InformationExtractorJdbcDatabaseMetaDataImpl - HHH000262: Table not found: user_role
INFO restartedMain org.hibernate.tool.schema.extract.internal.InformationExtractorJdbcDatabaseMetaDataImpl - HHH000262: Table not found: user_role
INFO restartedMain org.springframework.orm.jpa.LocalContainerEntityManagerFactoryBean - Initialized JPA EntityManagerFactory for persistence unit 'default'
INFO restartedMain org.hibernate.hql.internal.QueryTranslatorFactoryInitiator - HHH000397: Using ASTQueryTranslatorFactory
INFO restartedMain org.springframework.security.web.DefaultSecurityFilterChain - Creating filter chain: Ant [pattern='/resources/**'], []
INFO restartedMain org.springframework.security.web.DefaultSecurityFilterChain - Creating filter chain: Ant [pattern='/static/**'], []
INFO restartedMain org.springframework.security.web.DefaultSecurityFilterChain - Creating filter chain: Ant [pattern='/css/**'], []
INFO restartedMain org.springframework.security.web.DefaultSecurityFilterChain - Creating filter chain: Ant [pattern='/js/**'], []
INFO restartedMain org.springframework.security.web.DefaultSecurityFilterChain - Creating filter chain: Ant [pattern='/images/**'], []
INFO restartedMain org.springframework.security.web.DefaultSecurityFilterChain - Creating filter chain: org.springframework.security.web.util.matcher.AnyRequestMatcher@1, [org.springframework.security.web.context.request.async.WebAsyncManagerIntegrationFilter@932e029, org.springframework.security.web.context.SecurityContextPersistenceFilter@1d79a816, org.springframework.security.web.header.HeaderWriterFilter@22768407, org.springframework.security.web.csrf.CsrfFilter@4a28b965, org.springframework.security.web.authentication.logout.LogoutFilter@e32b0e6, org.springframework.security.web.authentication.UsernamePasswordAuthenticationFilter@3ab56579, org.springframework.security.web.savedrequest.RequestCacheAwareFilter@51507a6e, org.springframework.security.web.servletapi.SecurityContextHolderAwareRequestFilter@59b67f67, org.springframework.security.web.authentication.AnonymousAuthenticationFilter@6efd7762, org.springframework.security.web.session.SessionManagementFilter@49567f60, org.springframework.security.web.access.ExceptionTranslationFilter@17e675e4, org.springframework.security.web.access.intercept.FilterSecurityInterceptor@18d21833]
INFO restartedMain org.springframework.security.web.DefaultSecurityFilterChain - Creating filter chain: org.springframework.boot.actuate.autoconfigure.ManagementWebSecurityAutoConfiguration$LazyEndpointPathRequestMatcher@3bda5785, [org.springframework.security.web.context.request.async.WebAsyncManagerIntegrationFilter@1cb6381e, org.springframework.security.web.context.SecurityContextPersistenceFilter@4f91e583, org.springframework.security.web.header.HeaderWriterFilter@216e0d86, org.springframework.security.web.authentication.logout.LogoutFilter@7d5e0a17, org.springframework.security.web.authentication.www.BasicAuthenticationFilter@5035adf3, org.springframework.security.web.savedrequest.RequestCacheAwareFilter@498da105, org.springframework.security.web.servletapi.SecurityContextHolderAwareRequestFilter@185e978f, org.springframework.security.web.authentication.AnonymousAuthenticationFilter@6278373d, org.springframework.security.web.session.SessionManagementFilter@5ed0a4e, org.springframework.security.web.access.ExceptionTranslationFilter@1c634f23, org.springframework.security.web.access.intercept.FilterSecurityInterceptor@2e912b53]
INFO restartedMain org.springframework.web.servlet.mvc.method.annotation.RequestMappingHandlerAdapter - Looking for @ControllerAdvice: org.springframework.boot.context.embedded.AnnotationConfigEmbeddedWebApplicationContext@5b7a3a12: startup date [Sat Apr 08 23:54:59 BRT 2017]; root of context hierarchy
INFO restartedMain org.springframework.web.servlet.mvc.method.annotation.RequestMappingHandlerMapping - Mapped "{[/error],produces=[text/html]}" onto public org.springframework.web.servlet.ModelAndView br.com.casadocodigo.loja.controllers.AppErrorController.errorHtml(javax.servlet.http.HttpServletRequest)
INFO restartedMain org.springframework.web.servlet.mvc.method.annotation.RequestMappingHandlerMapping - Mapped "{[/error]}" onto public org.springframework.http.ResponseEntity<java.util.Map<java.lang.String, java.lang.Object>> br.com.casadocodigo.loja.controllers.AppErrorController.error(javax.servlet.http.HttpServletRequest)
INFO restartedMain org.springframework.web.servlet.mvc.method.annotation.RequestMappingHandlerMapping - Mapped "{[/carrinho/itens],methods=[GET]}" onto public org.springframework.web.servlet.ModelAndView br.com.casadocodigo.loja.controllers.CarrinhoComprasController.itens()
INFO restartedMain org.springframework.web.servlet.mvc.method.annotation.RequestMappingHandlerMapping - Mapped "{[/carrinho/remover]}" onto public org.springframework.web.servlet.ModelAndView br.com.casadocodigo.loja.controllers.CarrinhoComprasController.remover(java.lang.Integer,br.com.casadocodigo.loja.models.TipoPreco)
INFO restartedMain org.springframework.web.servlet.mvc.method.annotation.RequestMappingHandlerMapping - Mapped "{[/carrinho/add]}" onto public org.springframework.web.servlet.ModelAndView br.com.casadocodigo.loja.controllers.CarrinhoComprasController.add(java.lang.Integer,br.com.casadocodigo.loja.models.TipoPreco)
INFO restartedMain org.springframework.web.servlet.mvc.method.annotation.RequestMappingHandlerMapping - Mapped "{[/]}" onto public org.springframework.web.servlet.ModelAndView br.com.casadocodigo.loja.controllers.HomeController.index()
INFO restartedMain org.springframework.web.servlet.mvc.method.annotation.RequestMappingHandlerMapping - Mapped "{[/collection/{categoria}],methods=[GET]}" onto public org.springframework.web.servlet.ModelAndView br.com.casadocodigo.loja.controllers.HomeController.collection(java.lang.String)
INFO restartedMain org.springframework.web.servlet.mvc.method.annotation.RequestMappingHandlerMapping - Mapped "{[/login],methods=[GET]}" onto public java.lang.String br.com.casadocodigo.loja.controllers.LoginController.login()
INFO restartedMain org.springframework.web.servlet.mvc.method.annotation.RequestMappingHandlerMapping - Mapped "{[/login/criar],methods=[GET]}" onto public java.lang.String br.com.casadocodigo.loja.controllers.LoginController.criar(br.com.casadocodigo.loja.models.User)
INFO restartedMain org.springframework.web.servlet.mvc.method.annotation.RequestMappingHandlerMapping - Mapped "{[/login/gravar],methods=[POST]}" onto public java.lang.String br.com.casadocodigo.loja.controllers.LoginController.gravar(br.com.casadocodigo.loja.models.User,java.lang.String,org.springframework.web.servlet.mvc.support.RedirectAttributes)
INFO restartedMain org.springframework.web.servlet.mvc.method.annotation.RequestMappingHandlerMapping - Mapped "{[/logout],methods=[GET]}" onto public org.springframework.web.servlet.ModelAndView br.com.casadocodigo.loja.controllers.LoginController.logout()
INFO restartedMain org.springframework.web.servlet.mvc.method.annotation.RequestMappingHandlerMapping - Mapped "{[/pagamento/finalizar],methods=[POST]}" onto public java.util.concurrent.Callable<org.springframework.web.servlet.ModelAndView> br.com.casadocodigo.loja.controllers.PagamentoController.finalizar(br.com.casadocodigo.loja.models.User,org.springframework.web.servlet.mvc.support.RedirectAttributes)
INFO restartedMain org.springframework.web.servlet.mvc.method.annotation.RequestMappingHandlerMapping - Mapped "{[/produtos],methods=[POST]}" onto public org.springframework.web.servlet.ModelAndView br.com.casadocodigo.loja.controllers.ProdutosController.gravar(org.springframework.web.multipart.MultipartFile,br.com.casadocodigo.loja.models.Produto,org.springframework.validation.BindingResult,org.springframework.web.servlet.mvc.support.RedirectAttributes)
INFO restartedMain org.springframework.web.servlet.mvc.method.annotation.RequestMappingHandlerMapping - Mapped "{[/produtos/remover],methods=[POST]}" onto public org.springframework.web.servlet.ModelAndView br.com.casadocodigo.loja.controllers.ProdutosController.remover(java.lang.Integer,org.springframework.web.servlet.mvc.support.RedirectAttributes)
INFO restartedMain org.springframework.web.servlet.mvc.method.annotation.RequestMappingHandlerMapping - Mapped "{[/produtos/detalhe/{id}]}" onto public org.springframework.web.servlet.ModelAndView br.com.casadocodigo.loja.controllers.ProdutosController.detalhe(java.lang.Integer)
INFO restartedMain org.springframework.web.servlet.mvc.method.annotation.RequestMappingHandlerMapping - Mapped "{[/produtos/editar],methods=[POST]}" onto public org.springframework.web.servlet.ModelAndView br.com.casadocodigo.loja.controllers.ProdutosController.editar(java.lang.Integer)
INFO restartedMain org.springframework.web.servlet.mvc.method.annotation.RequestMappingHandlerMapping - Mapped "{[/produtos/listar],methods=[GET]}" onto public org.springframework.web.servlet.ModelAndView br.com.casadocodigo.loja.controllers.ProdutosController.listar() throws java.io.UnsupportedEncodingException
INFO restartedMain org.springframework.web.servlet.mvc.method.annotation.RequestMappingHandlerMapping - Mapped "{[/produtos/form]}" onto public org.springframework.web.servlet.ModelAndView br.com.casadocodigo.loja.controllers.ProdutosController.form(br.com.casadocodigo.loja.models.Produto)
INFO restartedMain org.springframework.web.servlet.handler.SimpleUrlHandlerMapping - Mapped URL path [/webjars/**] onto handler of type [class org.springframework.web.servlet.resource.ResourceHttpRequestHandler]
INFO restartedMain org.springframework.web.servlet.handler.SimpleUrlHandlerMapping - Mapped URL path [/**] onto handler of type [class org.springframework.web.servlet.resource.ResourceHttpRequestHandler]
INFO restartedMain org.springframework.web.servlet.handler.SimpleUrlHandlerMapping - Mapped URL path [/**/favicon.ico] onto handler of type [class org.springframework.web.servlet.resource.ResourceHttpRequestHandler]
INFO restartedMain org.springframework.boot.actuate.endpoint.mvc.EndpointHandlerMapping - Mapped "{[/mappings || /mappings.json],methods=[GET],produces=[application/vnd.spring-boot.actuator.v1+json || application/json]}" onto public java.lang.Object org.springframework.boot.actuate.endpoint.mvc.EndpointMvcAdapter.invoke()
INFO restartedMain org.springframework.boot.actuate.endpoint.mvc.EndpointHandlerMapping - Mapped "{[/beans || /beans.json],methods=[GET],produces=[application/vnd.spring-boot.actuator.v1+json || application/json]}" onto public java.lang.Object org.springframework.boot.actuate.endpoint.mvc.EndpointMvcAdapter.invoke()
INFO restartedMain org.springframework.boot.actuate.endpoint.mvc.EndpointHandlerMapping - Mapped "{[/auditevents || /auditevents.json],methods=[GET],produces=[application/vnd.spring-boot.actuator.v1+json || application/json]}" onto public org.springframework.http.ResponseEntity<?> org.springframework.boot.actuate.endpoint.mvc.AuditEventsMvcEndpoint.findByPrincipalAndAfterAndType(java.lang.String,java.util.Date,java.lang.String)
INFO restartedMain org.springframework.boot.actuate.endpoint.mvc.EndpointHandlerMapping - Mapped "{[/info || /info.json],methods=[GET],produces=[application/vnd.spring-boot.actuator.v1+json || application/json]}" onto public java.lang.Object org.springframework.boot.actuate.endpoint.mvc.EndpointMvcAdapter.invoke()
INFO restartedMain org.springframework.boot.actuate.endpoint.mvc.EndpointHandlerMapping - Mapped "{[/heapdump || /heapdump.json],methods=[GET],produces=[application/octet-stream]}" onto public void org.springframework.boot.actuate.endpoint.mvc.HeapdumpMvcEndpoint.invoke(boolean,javax.servlet.http.HttpServletRequest,javax.servlet.http.HttpServletResponse) throws java.io.IOException,javax.servlet.ServletException
INFO restartedMain org.springframework.boot.actuate.endpoint.mvc.EndpointHandlerMapping - Mapped "{[/loggers/{name:.*}],methods=[GET],produces=[application/vnd.spring-boot.actuator.v1+json || application/json]}" onto public java.lang.Object org.springframework.boot.actuate.endpoint.mvc.LoggersMvcEndpoint.get(java.lang.String)
INFO restartedMain org.springframework.boot.actuate.endpoint.mvc.EndpointHandlerMapping - Mapped "{[/loggers/{name:.*}],methods=[POST],consumes=[application/vnd.spring-boot.actuator.v1+json || application/json],produces=[application/vnd.spring-boot.actuator.v1+json || application/json]}" onto public java.lang.Object org.springframework.boot.actuate.endpoint.mvc.LoggersMvcEndpoint.set(java.lang.String,java.util.Map<java.lang.String, java.lang.String>)
INFO restartedMain org.springframework.boot.actuate.endpoint.mvc.EndpointHandlerMapping - Mapped "{[/loggers || /loggers.json],methods=[GET],produces=[application/vnd.spring-boot.actuator.v1+json || application/json]}" onto public java.lang.Object org.springframework.boot.actuate.endpoint.mvc.EndpointMvcAdapter.invoke()
INFO restartedMain org.springframework.boot.actuate.endpoint.mvc.EndpointHandlerMapping - Mapped "{[/dump || /dump.json],methods=[GET],produces=[application/vnd.spring-boot.actuator.v1+json || application/json]}" onto public java.lang.Object org.springframework.boot.actuate.endpoint.mvc.EndpointMvcAdapter.invoke()
INFO restartedMain org.springframework.boot.actuate.endpoint.mvc.EndpointHandlerMapping - Mapped "{[/health || /health.json],methods=[GET],produces=[application/vnd.spring-boot.actuator.v1+json || application/json]}" onto public java.lang.Object org.springframework.boot.actuate.endpoint.mvc.HealthMvcEndpoint.invoke(javax.servlet.http.HttpServletRequest,java.security.Principal)
INFO restartedMain org.springframework.boot.actuate.endpoint.mvc.EndpointHandlerMapping - Mapped "{[/trace || /trace.json],methods=[GET],produces=[application/vnd.spring-boot.actuator.v1+json || application/json]}" onto public java.lang.Object org.springframework.boot.actuate.endpoint.mvc.EndpointMvcAdapter.invoke()
INFO restartedMain org.springframework.boot.actuate.endpoint.mvc.EndpointHandlerMapping - Mapped "{[/autoconfig || /autoconfig.json],methods=[GET],produces=[application/vnd.spring-boot.actuator.v1+json || application/json]}" onto public java.lang.Object org.springframework.boot.actuate.endpoint.mvc.EndpointMvcAdapter.invoke()
INFO restartedMain org.springframework.boot.actuate.endpoint.mvc.EndpointHandlerMapping - Mapped "{[/configprops || /configprops.json],methods=[GET],produces=[application/vnd.spring-boot.actuator.v1+json || application/json]}" onto public java.lang.Object org.springframework.boot.actuate.endpoint.mvc.EndpointMvcAdapter.invoke()
INFO restartedMain org.springframework.boot.actuate.endpoint.mvc.EndpointHandlerMapping - Mapped "{[/env/{name:.*}],methods=[GET],produces=[application/vnd.spring-boot.actuator.v1+json || application/json]}" onto public java.lang.Object org.springframework.boot.actuate.endpoint.mvc.EnvironmentMvcEndpoint.value(java.lang.String)
INFO restartedMain org.springframework.boot.actuate.endpoint.mvc.EndpointHandlerMapping - Mapped "{[/env || /env.json],methods=[GET],produces=[application/vnd.spring-boot.actuator.v1+json || application/json]}" onto public java.lang.Object org.springframework.boot.actuate.endpoint.mvc.EndpointMvcAdapter.invoke()
INFO restartedMain org.springframework.boot.actuate.endpoint.mvc.EndpointHandlerMapping - Mapped "{[/metrics/{name:.*}],methods=[GET],produces=[application/vnd.spring-boot.actuator.v1+json || application/json]}" onto public java.lang.Object org.springframework.boot.actuate.endpoint.mvc.MetricsMvcEndpoint.value(java.lang.String)
INFO restartedMain org.springframework.boot.actuate.endpoint.mvc.EndpointHandlerMapping - Mapped "{[/metrics || /metrics.json],methods=[GET],produces=[application/vnd.spring-boot.actuator.v1+json || application/json]}" onto public java.lang.Object org.springframework.boot.actuate.endpoint.mvc.EndpointMvcAdapter.invoke()
WARN restartedMain org.springframework.boot.devtools.autoconfigure.OptionalLiveReloadServer - Unable to start LiveReload server
INFO restartedMain org.springframework.jmx.export.annotation.AnnotationMBeanExporter - Registering beans for JMX exposure on startup
INFO restartedMain org.springframework.boot.actuate.endpoint.jmx.EndpointMBeanExporter - Registering beans for JMX exposure on startup
INFO restartedMain org.springframework.context.support.DefaultLifecycleProcessor - Starting beans in phase 0
INFO restartedMain org.springframework.boot.actuate.endpoint.jmx.EndpointMBeanExporter - Located managed bean 'auditEventsEndpoint': registering with JMX server as MBean [org.springframework.boot:type=Endpoint,name=auditEventsEndpoint]
INFO restartedMain org.springframework.boot.actuate.endpoint.jmx.EndpointMBeanExporter - Located managed bean 'requestMappingEndpoint': registering with JMX server as MBean [org.springframework.boot:type=Endpoint,name=requestMappingEndpoint]
INFO restartedMain org.springframework.boot.actuate.endpoint.jmx.EndpointMBeanExporter - Located managed bean 'environmentEndpoint': registering with JMX server as MBean [org.springframework.boot:type=Endpoint,name=environmentEndpoint]
INFO restartedMain org.springframework.boot.actuate.endpoint.jmx.EndpointMBeanExporter - Located managed bean 'healthEndpoint': registering with JMX server as MBean [org.springframework.boot:type=Endpoint,name=healthEndpoint]
INFO restartedMain org.springframework.boot.actuate.endpoint.jmx.EndpointMBeanExporter - Located managed bean 'beansEndpoint': registering with JMX server as MBean [org.springframework.boot:type=Endpoint,name=beansEndpoint]
INFO restartedMain org.springframework.boot.actuate.endpoint.jmx.EndpointMBeanExporter - Located managed bean 'infoEndpoint': registering with JMX server as MBean [org.springframework.boot:type=Endpoint,name=infoEndpoint]
INFO restartedMain org.springframework.boot.actuate.endpoint.jmx.EndpointMBeanExporter - Located managed bean 'loggersEndpoint': registering with JMX server as MBean [org.springframework.boot:type=Endpoint,name=loggersEndpoint]
INFO restartedMain org.springframework.boot.actuate.endpoint.jmx.EndpointMBeanExporter - Located managed bean 'metricsEndpoint': registering with JMX server as MBean [org.springframework.boot:type=Endpoint,name=metricsEndpoint]
INFO restartedMain org.springframework.boot.actuate.endpoint.jmx.EndpointMBeanExporter - Located managed bean 'traceEndpoint': registering with JMX server as MBean [org.springframework.boot:type=Endpoint,name=traceEndpoint]
INFO restartedMain org.springframework.boot.actuate.endpoint.jmx.EndpointMBeanExporter - Located managed bean 'dumpEndpoint': registering with JMX server as MBean [org.springframework.boot:type=Endpoint,name=dumpEndpoint]
INFO restartedMain org.springframework.boot.actuate.endpoint.jmx.EndpointMBeanExporter - Located managed bean 'autoConfigurationReportEndpoint': registering with JMX server as MBean [org.springframework.boot:type=Endpoint,name=autoConfigurationReportEndpoint]
INFO restartedMain org.springframework.boot.actuate.endpoint.jmx.EndpointMBeanExporter - Located managed bean 'configurationPropertiesReportEndpoint': registering with JMX server as MBean [org.springframework.boot:type=Endpoint,name=configurationPropertiesReportEndpoint]
INFO restartedMain org.springframework.boot.autoconfigure.logging.AutoConfigurationReportLoggingInitializer - 

Error starting ApplicationContext. To display the auto-configuration report re-run your application with 'debug' enabled.
ERROR restartedMain org.springframework.boot.diagnostics.LoggingFailureAnalysisReporter - 

***************************
APPLICATION FAILED TO START
***************************

Description:

The Tomcat connector configured to listen on port 9000 failed to start. The port may already be in use or the connector may be misconfigured.

Action:

Verify the connector's configuration, identify and stop any process that's listening on port 9000, or configure this application to listen on another port.

INFO restartedMain org.springframework.boot.context.embedded.AnnotationConfigEmbeddedWebApplicationContext - Closing org.springframework.boot.context.embedded.AnnotationConfigEmbeddedWebApplicationContext@5b7a3a12: startup date [Sat Apr 08 23:54:59 BRT 2017]; root of context hierarchy
INFO restartedMain org.springframework.context.support.DefaultLifecycleProcessor - Stopping beans in phase 0
INFO restartedMain org.springframework.boot.actuate.endpoint.jmx.EndpointMBeanExporter - Unregistering JMX-exposed beans on shutdown
INFO restartedMain org.springframework.boot.actuate.endpoint.jmx.EndpointMBeanExporter - Unregistering JMX-exposed beans
INFO restartedMain org.springframework.jmx.export.annotation.AnnotationMBeanExporter - Unregistering JMX-exposed beans on shutdown
INFO restartedMain org.springframework.orm.jpa.LocalContainerEntityManagerFactoryBean - Closing JPA EntityManagerFactory for persistence unit 'default'
